  test_assign2.cpp
z:\cst211\cst211\lab1\lab1\test_assign2.cpp(29): warning C4101: 'tests_passed': unreferenced local variable
z:\cst211\cst211\lab1\lab1\row.h(96): error C2440: 'return': cannot convert from 'const int' to 'int &'
  z:\cst211\cst211\lab1\lab1\row.h(96): note: Conversion loses qualifiers
  z:\cst211\cst211\lab1\lab1\row.h(90): note: while compiling class template member function 'int &Row<T>::operator [](int)'
          with
          [
              T=int
          ]
  z:\cst211\cst211\lab1\lab1\test_assign2.cpp(64): note: see reference to function template instantiation 'int &Row<T>::operator [](int)' being compiled
          with
          [
              T=int
          ]
  z:\cst211\cst211\lab1\lab1\test_assign2.cpp(64): note: see reference to class template instantiation 'Row<T>' being compiled
          with
          [
              T=int
          ]
z:\cst211\cst211\lab1\lab1\row.h(96): error C2440: 'return': cannot convert from 'const std::string' to 'std::string &'
  z:\cst211\cst211\lab1\lab1\row.h(96): note: Conversion loses qualifiers
  z:\cst211\cst211\lab1\lab1\row.h(90): note: while compiling class template member function 'std::string &Row<T>::operator [](int)'
          with
          [
              T=std::string
          ]
  z:\cst211\cst211\lab1\lab1\test_assign2.cpp(72): note: see reference to function template instantiation 'std::string &Row<T>::operator [](int)' being compiled
          with
          [
              T=std::string
          ]
  z:\cst211\cst211\lab1\lab1\test_assign2.cpp(72): note: see reference to class template instantiation 'Row<T>' being compiled
          with
          [
              T=std::string
          ]
